{"level":30,"time":1782638243876,"pid":537410,"hostname":"cachyos-x8664","name":"whatsapp-bot","browser":["Mac OS","Chrome","14.4.1"],"helloMsg":{"clientHello":{"ephemeral":"3j8VXTSvqjAeeIl4ex0DjzpsBz2dUv4oLv9fQF3h8kw="}},"msg":"connected to WA"}
{"level":30,"time":1782638244329,"pid":537410,"hostname":"cachyos-x8664","name":"whatsapp-bot","node":{"username":"6285138870616","passive":true,"userAgent":{"platform":"WEB","appVersion":{"primary":2,"secondary":3000,"tertiary":1035194821},"mcc":"000","mnc":"000","osVersion":"0.1","device":"Desktop","osBuildNumber":"0.1","releaseChannel":"RELEASE","localeLanguageIso6391":"en","localeCountryIso31661Alpha2":"US"},"webInfo":{"webSubPlatform":"WEB_BROWSER"},"connectType":"WIFI_UNKNOWN","connectReason":"USER_ACTIVATED","device":17,"pull":true,"lidDbMigrated":false},"msg":"logging in..."}
{"level":30,"time":1782638245715,"pid":537410,"hostname":"cachyos-x8664","name":"whatsapp-bot","msg":"812 pre-keys found on server"}
{"level":30,"time":1782638245716,"pid":537410,"hostname":"cachyos-x8664","name":"whatsapp-bot","msg":"Current prekey ID: 812, exists in storage: true"}
{"level":30,"time":1782638245716,"pid":537410,"hostname":"cachyos-x8664","name":"whatsapp-bot","msg":"PreKey validation passed - Server: 812, Current prekey 812 exists"}
{"level":30,"time":1782638246328,"pid":537410,"hostname":"cachyos-x8664","name":"whatsapp-bot","msg":"offline preview received"}
{"level":30,"time":1782638246339,"pid":537410,"hostname":"cachyos-x8664","name":"whatsapp-bot","msg":"handled 2 offline messages/notifications"}
{"level":30,"time":1782638246340,"pid":537410,"hostname":"cachyos-x8664","name":"whatsapp-bot","msg":"Connection is now AwaitingInitialSync, buffering events"}
{"level":30,"time":1782638246341,"pid":537410,"hostname":"cachyos-x8664","name":"whatsapp-bot","msg":"Reconnection with existing sync data, skipping history sync wait. Transitioning to Online."}
{"level":30,"time":1782638246946,"pid":537410,"hostname":"cachyos-x8664","name":"whatsapp-bot","msg":"opened connection to WA"}
{"level":30,"time":1782638246964,"pid":537410,"hostname":"cachyos-x8664","name":"whatsapp-bot","myPN":"6285138870616:17@s.whatsapp.net","myLID":"11421056258227:17@lid","msg":"Own LID session created successfully"}
{"level":30,"time":1782638259663,"pid":537410,"hostname":"cachyos-x8664","name":"whatsapp-bot","jid":"242811714699434@lid","addr":"242811714699434_1.0","msg":"identity key changed or new contact, session will be re-established"}
{"level":30,"time":1782639733311,"pid":567182,"hostname":"cachyos-x8664","name":"whatsapp-bot","browser":["Mac OS","Chrome","14.4.1"],"helloMsg":{"clientHello":{"ephemeral":"V6DeqS0fEaiE62rMtRPKKIsSdwHNTOvkMnu0LYSO4Sw="}},"msg":"connected to WA"}
{"level":30,"time":1782639734684,"pid":567182,"hostname":"cachyos-x8664","name":"whatsapp-bot","node":{"username":"6285138870616","passive":true,"userAgent":{"platform":"WEB","appVersion":{"primary":2,"secondary":3000,"tertiary":1035194821},"mcc":"000","mnc":"000","osVersion":"0.1","device":"Desktop","osBuildNumber":"0.1","releaseChannel":"RELEASE","localeLanguageIso6391":"en","localeCountryIso31661Alpha2":"US"},"webInfo":{"webSubPlatform":"WEB_BROWSER"},"connectType":"WIFI_UNKNOWN","connectReason":"USER_ACTIVATED","device":17,"pull":true,"lidDbMigrated":false},"msg":"logging in..."}
{"level":30,"time":1782639735560,"pid":567182,"hostname":"cachyos-x8664","name":"whatsapp-bot","msg":"811 pre-keys found on server"}
{"level":30,"time":1782639735562,"pid":567182,"hostname":"cachyos-x8664","name":"whatsapp-bot","msg":"Current prekey ID: 812, exists in storage: true"}
{"level":30,"time":1782639735563,"pid":567182,"hostname":"cachyos-x8664","name":"whatsapp-bot","msg":"PreKey validation passed - Server: 811, Current prekey 812 exists"}
{"level":30,"time":1782639735966,"pid":567182,"hostname":"cachyos-x8664","name":"whatsapp-bot","msg":"handled 0 offline messages/notifications"}
{"level":30,"time":1782639735968,"pid":567182,"hostname":"cachyos-x8664","name":"whatsapp-bot","msg":"Connection is now AwaitingInitialSync, buffering events"}
{"level":30,"time":1782639735968,"pid":567182,"hostname":"cachyos-x8664","name":"whatsapp-bot","msg":"Reconnection with existing sync data, skipping history sync wait. Transitioning to Online."}
{"level":30,"time":1782639736381,"pid":567182,"hostname":"cachyos-x8664","name":"whatsapp-bot","msg":"opened connection to WA"}
{"level":30,"time":1782639736409,"pid":567182,"hostname":"cachyos-x8664","name":"whatsapp-bot","myPN":"6285138870616:17@s.whatsapp.net","myLID":"11421056258227:17@lid","msg":"Own LID session created successfully"}
